Using pre-set license
Built from '2020.3/release' branch; Version is '2020.3.15f2 (6cf78cb77498) revision 7141260'; Using compiler version '192528614'; Build Type 'Release'
OS: 'Windows 10 Home Single Language; OS build 19042.1165; Version 2009; 64bit' Language: 'en' Physical Memory: 16155 MB
BatchMode: 1, IsHumanControllingUs: 0, StartBugReporterOnCrash: 0, Is64bit: 1, IsPro: 0

 COMMAND LINE ARGUMENTS:
C:\Program Files\Unity\Hub\Editor\2020.3.15f2\Editor\Unity.exe
-adb2
-batchMode
-noUpm
-name
AssetImportWorker0
-projectPath
C:/Users/SITARA DANIEL/Documents/GitHub/Spool-of-Fancy/Spool of Fancy
-logFile
Logs/AssetImportWorker0.log
-srvPort
56786
Successfully changed project path to: C:/Users/SITARA DANIEL/Documents/GitHub/Spool-of-Fancy/Spool of Fancy
C:/Users/SITARA DANIEL/Documents/GitHub/Spool-of-Fancy/Spool of Fancy
Using Asset Import Pipeline V2.
Refreshing native plugins compatible for Editor in 52.87 ms, found 3 plugins.
Preloading 0 native plugins for Editor in 0.00 ms.
Initialize engine version: 2020.3.15f2 (6cf78cb77498)
[Subsystems] Discovering subsystems at path C:/Program Files/Unity/Hub/Editor/2020.3.15f2/Editor/Data/Resources/UnitySubsystems
[Subsystems] Discovering subsystems at path C:/Users/SITARA DANIEL/Documents/GitHub/Spool-of-Fancy/Spool of Fancy/Assets
GfxDevice: creating device client; threaded=0
Direct3D:
    Version:  Direct3D 11.0 [level 11.1]
    Renderer: NVIDIA GeForce GTX 1650 Ti (ID=0x1f95)
    Vendor:   
    VRAM:     3962 MB
    Driver:   27.21.14.6280
Initialize mono
Mono path[0] = 'C:/Program Files/Unity/Hub/Editor/2020.3.15f2/Editor/Data/Managed'
Mono path[1] = 'C:/Program Files/Unity/Hub/Editor/2020.3.15f2/Editor/Data/MonoBleedingEdge/lib/mono/unityjit'
Mono config path = 'C:/Program Files/Unity/Hub/Editor/2020.3.15f2/Editor/Data/MonoBleedingEdge/etc'
Using monoOptions --debugger-agent=transport=dt_socket,embedding=1,server=y,suspend=n,address=127.0.0.1:56964
Begin MonoManager ReloadAssembly
Registering precompiled unity dll's ...
Register platform support module: C:/Program Files/Unity/Hub/Editor/2020.3.15f2/Editor/Data/PlaybackEngines/WebGLSupport/UnityEditor.WebGL.Extensions.dll
Register platform support module: C:/Program Files/Unity/Hub/Editor/2020.3.15f2/Editor/Data/PlaybackEngines/WindowsStandaloneSupport/UnityEditor.WindowsStandalone.Extensions.dll
Registered in 0.005021 seconds.
Native extension for WindowsStandalone target not found
Native extension for WebGL target not found
Refreshing native plugins compatible for Editor in 59.34 ms, found 3 plugins.
Preloading 0 native plugins for Editor in 0.00 ms.
Mono: successfully reloaded assembly
- Completed reload, in  1.728 seconds
Domain Reload Profiling:
	ReloadAssembly (1728ms)
		BeginReloadAssembly (72ms)
			ExecutionOrderSort (0ms)
			DisableScriptedObjects (0ms)
			BackupInstance (0ms)
			ReleaseScriptingObjects (0ms)
			CreateAndSetChildDomain (1ms)
		EndReloadAssembly (607ms)
			LoadAssemblies (70ms)
			RebuildTransferFunctionScriptingTraits (0ms)
			SetupTypeCache (237ms)
			ReleaseScriptCaches (0ms)
			RebuildScriptCaches (42ms)
			SetupLoadedEditorAssemblies (228ms)
				LogAssemblyErrors (0ms)
				InitializePlatformSupportModulesInManaged (6ms)
				SetLoadedEditorAssemblies (0ms)
				RefreshPlugins (59ms)
				BeforeProcessingInitializeOnLoad (20ms)
				ProcessInitializeOnLoadAttributes (105ms)
				ProcessInitializeOnLoadMethodAttributes (36ms)
				AfterProcessingInitializeOnLoad (0ms)
				EditorAssembliesLoaded (0ms)
			ExecutionOrderSort2 (0ms)
			AwakeInstancesAfterBackupRestoration (0ms)
Platform modules already initialized, skipping
Registering precompiled user dll's ...
Registered in 0.008259 seconds.
Begin MonoManager ReloadAssembly
Native extension for WindowsStandalone target not found
Native extension for WebGL target not found
Refreshing native plugins compatible for Editor in 57.33 ms, found 3 plugins.
Preloading 0 native plugins for Editor in 0.00 ms.
Mono: successfully reloaded assembly
- Completed reload, in  1.756 seconds
Domain Reload Profiling:
	ReloadAssembly (1757ms)
		BeginReloadAssembly (239ms)
			ExecutionOrderSort (0ms)
			DisableScriptedObjects (5ms)
			BackupInstance (0ms)
			ReleaseScriptingObjects (0ms)
			CreateAndSetChildDomain (31ms)
		EndReloadAssembly (1419ms)
			LoadAssemblies (141ms)
			RebuildTransferFunctionScriptingTraits (0ms)
			SetupTypeCache (431ms)
			ReleaseScriptCaches (0ms)
			RebuildScriptCaches (61ms)
			SetupLoadedEditorAssemblies (600ms)
				LogAssemblyErrors (0ms)
				InitializePlatformSupportModulesInManaged (6ms)
				SetLoadedEditorAssemblies (0ms)
				RefreshPlugins (57ms)
				BeforeProcessingInitializeOnLoad (124ms)
				ProcessInitializeOnLoadAttributes (383ms)
				ProcessInitializeOnLoadMethodAttributes (16ms)
				AfterProcessingInitializeOnLoad (12ms)
				EditorAssembliesLoaded (0ms)
			ExecutionOrderSort2 (0ms)
			AwakeInstancesAfterBackupRestoration (9ms)
Platform modules already initialized, skipping
========================================================================
Worker process is ready to serve import requests
Launched and connected shader compiler UnityShaderCompiler.exe after 0.06 seconds
Refreshing native plugins compatible for Editor in 0.81 ms, found 3 plugins.
Preloading 0 native plugins for Editor in 0.00 ms.
Unloading 2109 Unused Serialized files (Serialized files now loaded: 0)
System memory in use before: 95.3 MB.
System memory in use after: 95.4 MB.

Unloading 28 unused Assets to reduce memory usage. Loaded Objects now: 2547.
Total: 3.175700 ms (FindLiveObjects: 0.325800 ms CreateObjectMapping: 0.307600 ms MarkObjects: 2.464700 ms  DeleteObjects: 0.076300 ms)

AssetImportParameters requested are different than current active one (requested -> active):
  custom:framework-win-MediaFoundation: 216162199b28c13a410421893ffa2e32 -> 
  custom:video-decoder-ogg-theora: a1e56fd34408186e4bbccfd4996cb3dc -> 
  custom:container-muxer-webm: aa71ff27fc2769a1b78a27578f13a17b -> 
  custom:container-demuxer-webm: 4f35f7cbe854078d1ac9338744f61a02 -> 
  custom:container-demuxer-ogg: 62fdf1f143b41e24485cea50d1cbac27 -> 
  custom:video-encoder-webm-vp8: eb34c28f22e8b96e1ab97ce403110664 -> 
  custom:video-codec-MediaFoundation-h265: 746d11721c4dcdbdad8f713fa42b33f4 -> 
  custom:video-decoder-webm-vp8: 9c59270c3fd7afecdb556c50c9e8de78 -> 
  custom:audio-decoder-ogg-vorbis: bf7c407c2cedff20999df2af8eb42d56 -> 
  custom:audio-encoder-webm-vorbis: bf7c407c2cedff20999df2af8eb42d56 -> 
========================================================================
Received Import Request.
  path: Assets/Scripts/ButtonManager.cs
  artifactKey: Guid(b9465a2a96659cb41871e86eef5b4a5d) Importer(815301076,1909f56bfc062723c751e8b465ee728b)
Start importing Assets/Scripts/ButtonManager.cs using Guid(b9465a2a96659cb41871e86eef5b4a5d) Importer(815301076,1909f56bfc062723c751e8b465ee728b)  -> (artifact id: '96192b2fa247335531915587f6dd02f5') in 0.030682 seconds 
  Import took 0.034467 seconds .

========================================================================
Received Import Request.
  Time since last request: 45.407477 seconds.
  path: Assets/Art/Fonts
  artifactKey: Guid(d83e9e30fd22ae140a47ff80889878c1) Importer(815301076,1909f56bfc062723c751e8b465ee728b)
Start importing Assets/Art/Fonts using Guid(d83e9e30fd22ae140a47ff80889878c1) Importer(815301076,1909f56bfc062723c751e8b465ee728b)  -> (artifact id: '3b30d42e97b224cc59777f6669ec2e82') in 0.003502 seconds 
  Import took 0.007801 seconds .

========================================================================
Received Import Request.
  Time since last request: 6.835750 seconds.
  path: Assets/TextMesh Pro/Fonts
  artifactKey: Guid(6ab70aee4d56447429c680537fbf93ed) Importer(815301076,1909f56bfc062723c751e8b465ee728b)
Start importing Assets/TextMesh Pro/Fonts using Guid(6ab70aee4d56447429c680537fbf93ed) Importer(815301076,1909f56bfc062723c751e8b465ee728b)  -> (artifact id: 'c1615d532dab169fd406a25610c85d83') in 0.003092 seconds 
  Import took 0.018528 seconds .

========================================================================
Received Import Request.
  Time since last request: 0.002355 seconds.
  path: Assets/TextMesh Pro/Fonts
  artifactKey: Guid(6ab70aee4d56447429c680537fbf93ed) Importer(815301076,1909f56bfc062723c751e8b465ee728b)
Start importing Assets/TextMesh Pro/Fonts using Guid(6ab70aee4d56447429c680537fbf93ed) Importer(815301076,1909f56bfc062723c751e8b465ee728b)  -> (artifact id: 'c1615d532dab169fd406a25610c85d83') in 0.003368 seconds 
  Import took 0.007348 seconds .

========================================================================
Received Import Request.
  Time since last request: 2.091142 seconds.
  path: Assets/TextMesh Pro/Documentation
  artifactKey: Guid(8e7e8f5a82a3a134e91c54efd2274ea9) Importer(815301076,1909f56bfc062723c751e8b465ee728b)
Start importing Assets/TextMesh Pro/Documentation using Guid(8e7e8f5a82a3a134e91c54efd2274ea9) Importer(815301076,1909f56bfc062723c751e8b465ee728b)  -> (artifact id: '0a97e90a9297d5662fa6817e1847a24a') in 0.003932 seconds 
  Import took 0.019445 seconds .

========================================================================
Received Import Request.
  Time since last request: 4.701344 seconds.
  path: Assets/TextMesh Pro/Resources
  artifactKey: Guid(243e06394e614e5d99fab26083b707fa) Importer(815301076,1909f56bfc062723c751e8b465ee728b)
Start importing Assets/TextMesh Pro/Resources using Guid(243e06394e614e5d99fab26083b707fa) Importer(815301076,1909f56bfc062723c751e8b465ee728b)  -> (artifact id: '4305a6e5269f696f56eeda6f3c0730ab') in 0.004210 seconds 
  Import took 0.019065 seconds .

========================================================================
Received Import Request.
  Time since last request: 3.731787 seconds.
  path: Assets/TextMesh Pro/Shaders
  artifactKey: Guid(e9f693669af91aa45ad615fc681ed29f) Importer(815301076,1909f56bfc062723c751e8b465ee728b)
Start importing Assets/TextMesh Pro/Shaders using Guid(e9f693669af91aa45ad615fc681ed29f) Importer(815301076,1909f56bfc062723c751e8b465ee728b)  -> (artifact id: '4faf723a4c8ca9b5a0e0800b705e0e5f') in 0.003115 seconds 
  Import took 0.007837 seconds .

========================================================================
Received Import Request.
  Time since last request: 4.584111 seconds.
  path: Assets/TextMesh Pro/Sprites
  artifactKey: Guid(d0603b6d5186471b96c778c3949c7ce2) Importer(815301076,1909f56bfc062723c751e8b465ee728b)
Start importing Assets/TextMesh Pro/Sprites using Guid(d0603b6d5186471b96c778c3949c7ce2) Importer(815301076,1909f56bfc062723c751e8b465ee728b)  -> (artifact id: '96cee1b573425f8b706180e9a6dbf5c9') in 0.004125 seconds 
  Import took 0.008216 seconds .

========================================================================
Received Import Request.
  Time since last request: 6.167544 seconds.
  path: Assets/TextMesh Pro/Resources/Fonts & Materials
  artifactKey: Guid(731f1baa9d144a9897cb1d341c2092b8) Importer(815301076,1909f56bfc062723c751e8b465ee728b)
Start importing Assets/TextMesh Pro/Resources/Fonts & Materials using Guid(731f1baa9d144a9897cb1d341c2092b8) Importer(815301076,1909f56bfc062723c751e8b465ee728b)  -> (artifact id: 'ffd79b22ef018eaede018763e8cb0fc6') in 0.016174 seconds 
  Import took 0.019908 seconds .

========================================================================
Received Import Request.
  Time since last request: 9.172696 seconds.
  path: Assets/TextMesh Pro/Resources/Sprite Assets
  artifactKey: Guid(512a49d95c0c4332bdd98131869c23c9) Importer(815301076,1909f56bfc062723c751e8b465ee728b)
Start importing Assets/TextMesh Pro/Resources/Sprite Assets using Guid(512a49d95c0c4332bdd98131869c23c9) Importer(815301076,1909f56bfc062723c751e8b465ee728b)  -> (artifact id: 'c5473180e3799e0261cd9a09c58cdbc1') in 0.003902 seconds 
  Import took 0.018568 seconds .

========================================================================
Received Import Request.
  Time since last request: 2.884303 seconds.
  path: Assets/TextMesh Pro/Resources/Style Sheets
  artifactKey: Guid(4aecb92fff08436c8303b10eab8da368) Importer(815301076,1909f56bfc062723c751e8b465ee728b)
Start importing Assets/TextMesh Pro/Resources/Style Sheets using Guid(4aecb92fff08436c8303b10eab8da368) Importer(815301076,1909f56bfc062723c751e8b465ee728b)  -> (artifact id: 'de8ff62d072f8dd3d981f4430d7c0414') in 0.003881 seconds 
  Import took 0.019970 seconds .

========================================================================
Received Import Request.
  Time since last request: 1855.752127 seconds.
  path: Assets/Art
  artifactKey: Guid(cc8c1c8db42f7fb498745364e956a487) Importer(815301076,1909f56bfc062723c751e8b465ee728b)
Start importing Assets/Art using Guid(cc8c1c8db42f7fb498745364e956a487) Importer(815301076,1909f56bfc062723c751e8b465ee728b)  -> (artifact id: '8f447617f4e1413def3318415c3c8f0a') in 0.002475 seconds 
  Import took 0.006129 seconds .

========================================================================
Received Import Request.
  Time since last request: 3.895170 seconds.
  path: Assets/Art/UI
  artifactKey: Guid(1e47ad62de4d6c341a164cfb9c22dc5e) Importer(815301076,1909f56bfc062723c751e8b465ee728b)
Start importing Assets/Art/UI using Guid(1e47ad62de4d6c341a164cfb9c22dc5e) Importer(815301076,1909f56bfc062723c751e8b465ee728b)  -> (artifact id: '411be6efb197e81019e6706a9e292324') in 0.003883 seconds 
  Import took 0.007206 seconds .

========================================================================
Received Import Request.
  Time since last request: 42.932934 seconds.
  path: Assets/Art/Build
  artifactKey: Guid(1e47ad62de4d6c341a164cfb9c22dc5e) Importer(815301076,1909f56bfc062723c751e8b465ee728b)
Start importing Assets/Art/Build using Guid(1e47ad62de4d6c341a164cfb9c22dc5e) Importer(815301076,1909f56bfc062723c751e8b465ee728b)  -> (artifact id: 'f276850662f649b9c4ed095063ec250b') in 0.002999 seconds 
  Import took 0.006001 seconds .

========================================================================
Received Import Request.
  Time since last request: 1.646051 seconds.
  path: Assets/Art/Build/Logo.png
  artifactKey: Guid(c5487c599c3296444bde418c3fd76609) Importer(815301076,1909f56bfc062723c751e8b465ee728b)
Start importing Assets/Art/Build/Logo.png using Guid(c5487c599c3296444bde418c3fd76609) Importer(815301076,1909f56bfc062723c751e8b465ee728b)  -> (artifact id: '3db5c53f89f21769067481ec04ca46d6') in 0.112887 seconds 
  Import took 0.115672 seconds .

========================================================================
Received Import Request.
  Time since last request: 2.151522 seconds.
  path: Assets/Art/Build/Project Icon.jpg
  artifactKey: Guid(0a72c4987f06cff498823ef3731bfa03) Importer(815301076,1909f56bfc062723c751e8b465ee728b)
Start importing Assets/Art/Build/Project Icon.jpg using Guid(0a72c4987f06cff498823ef3731bfa03) Importer(815301076,1909f56bfc062723c751e8b465ee728b)  -> (artifact id: 'd07f120fdc3f31cadbc92ef37cbc8339') in 0.021938 seconds 
  Import took 0.027002 seconds .

========================================================================
Received Import Request.
  Time since last request: 4.608031 seconds.
  path: Assets/Art/Items/fields item.png
  artifactKey: Guid(7e424b0c828228d4d95cb80107002cc3) Importer(815301076,1909f56bfc062723c751e8b465ee728b)
Start importing Assets/Art/Items/fields item.png using Guid(7e424b0c828228d4d95cb80107002cc3) Importer(815301076,1909f56bfc062723c751e8b465ee728b)  -> (artifact id: '6bf71d18794ab6d02066654d76bb1d62') in 0.018461 seconds 
  Import took 0.021679 seconds .

========================================================================
Received Import Request.
  Time since last request: 0.000173 seconds.
  path: Assets/Art/Backgrounds/15.png
  artifactKey: Guid(a560a502e1195e047879c679d90c45ae) Importer(815301076,1909f56bfc062723c751e8b465ee728b)
Start importing Assets/Art/Backgrounds/15.png using Guid(a560a502e1195e047879c679d90c45ae) Importer(815301076,1909f56bfc062723c751e8b465ee728b)  -> (artifact id: 'ee9f723bf75c532f540526da834390d8') in 0.017141 seconds 
  Import took 0.019964 seconds .

========================================================================
Received Import Request.
  Time since last request: 19.079002 seconds.
  path: Assets/Art/Backgrounds/12.png
  artifactKey: Guid(4afc0627eab4baa459bd721d6497a0aa) Importer(815301076,1909f56bfc062723c751e8b465ee728b)
Start importing Assets/Art/Backgrounds/12.png using Guid(4afc0627eab4baa459bd721d6497a0aa) Importer(815301076,1909f56bfc062723c751e8b465ee728b)  -> (artifact id: 'b64784957c69de4ac7a39702a7f6ea19') in 0.016233 seconds 
  Import took 0.018857 seconds .

========================================================================
Received Import Request.
  Time since last request: 0.000252 seconds.
  path: Assets/Art/Backgrounds/13.png
  artifactKey: Guid(806a5dbb0adbdaa4182ed58d101cd503) Importer(815301076,1909f56bfc062723c751e8b465ee728b)
Start importing Assets/Art/Backgrounds/13.png using Guid(806a5dbb0adbdaa4182ed58d101cd503) Importer(815301076,1909f56bfc062723c751e8b465ee728b)  -> (artifact id: 'af3415639a9930b78cb9b94af9440a91') in 0.015994 seconds 
  Import took 0.018752 seconds .

========================================================================
Received Import Request.
  Time since last request: 0.000172 seconds.
  path: Assets/Art/Backgrounds/14.png
  artifactKey: Guid(b12a3cae394519b45b32aa2f7301b03c) Importer(815301076,1909f56bfc062723c751e8b465ee728b)
Start importing Assets/Art/Backgrounds/14.png using Guid(b12a3cae394519b45b32aa2f7301b03c) Importer(815301076,1909f56bfc062723c751e8b465ee728b)  -> (artifact id: '850c33c1a7aea9f567c8bd77a60a08d8') in 0.018734 seconds 
  Import took 0.022308 seconds .

========================================================================
Received Import Request.
  Time since last request: 0.000319 seconds.
  path: Assets/Art/Items/home item.png
  artifactKey: Guid(e266ad61943788c4098aa35e666e8993) Importer(815301076,1909f56bfc062723c751e8b465ee728b)
Start importing Assets/Art/Items/home item.png using Guid(e266ad61943788c4098aa35e666e8993) Importer(815301076,1909f56bfc062723c751e8b465ee728b)  -> (artifact id: '6f6c4c1dafa2b88c16a5db8419ef03d6') in 0.015121 seconds 
  Import took 0.017895 seconds .

========================================================================
Received Import Request.
  Time since last request: 0.000158 seconds.
  path: Assets/Art/Items/docks item.png
  artifactKey: Guid(0061ec09b1075034b9df416989433d79) Importer(815301076,1909f56bfc062723c751e8b465ee728b)
Start importing Assets/Art/Items/docks item.png using Guid(0061ec09b1075034b9df416989433d79) Importer(815301076,1909f56bfc062723c751e8b465ee728b)  -> (artifact id: '7c14fdab9783304488dd122b7d6e996a') in 0.025746 seconds 
  Import took 0.028709 seconds .

========================================================================
Received Import Request.
  Time since last request: 0.000198 seconds.
  path: Assets/Art/Backgrounds/lizard.png
  artifactKey: Guid(57880e397f50b8c4991b2567621968a3) Importer(815301076,1909f56bfc062723c751e8b465ee728b)
Start importing Assets/Art/Backgrounds/lizard.png using Guid(57880e397f50b8c4991b2567621968a3) Importer(815301076,1909f56bfc062723c751e8b465ee728b)  -> (artifact id: '3848e34d69cb651ea3b7e303bf2944b0') in 0.014958 seconds 
  Import took 0.017828 seconds .

========================================================================
Received Import Request.
  Time since last request: 0.000254 seconds.
  path: Assets/Art/Backgrounds/frog.png
  artifactKey: Guid(efd1a9dae7db42047b455e05cdbd6da2) Importer(815301076,1909f56bfc062723c751e8b465ee728b)
Start importing Assets/Art/Backgrounds/frog.png using Guid(efd1a9dae7db42047b455e05cdbd6da2) Importer(815301076,1909f56bfc062723c751e8b465ee728b)  -> (artifact id: '48fc0d48cb0971b9cfe13b7284d26f7a') in 0.024779 seconds 
  Import took 0.027386 seconds .

========================================================================
Received Import Request.
  Time since last request: 0.000195 seconds.
  path: Assets/Art/Fonts/Taviraj-Regular.ttf
  artifactKey: Guid(de39284fb3556e84eb48b20aa0596652) Importer(815301076,1909f56bfc062723c751e8b465ee728b)
Start importing Assets/Art/Fonts/Taviraj-Regular.ttf using Guid(de39284fb3556e84eb48b20aa0596652) Importer(815301076,1909f56bfc062723c751e8b465ee728b)  -> (artifact id: 'eb1587408f3dde57acc9687bb22d5190') in 0.054215 seconds 
  Import took 0.057012 seconds .

========================================================================
Received Import Request.
  Time since last request: 0.000247 seconds.
  path: Assets/Art/Items/forests item.png
  artifactKey: Guid(be86d715002679c4fa214ce260764050) Importer(815301076,1909f56bfc062723c751e8b465ee728b)
Start importing Assets/Art/Items/forests item.png using Guid(be86d715002679c4fa214ce260764050) Importer(815301076,1909f56bfc062723c751e8b465ee728b)  -> (artifact id: 'a8ad7f07a6e2f4992a397b66e47b3ad7') in 0.017040 seconds 
  Import took 0.019868 seconds .

========================================================================
Received Import Request.
  Time since last request: 0.000138 seconds.
  path: Assets/Art/Fonts/Taviraj-Regular.ttf
  artifactKey: Guid(de39284fb3556e84eb48b20aa0596652) Importer(815301076,1909f56bfc062723c751e8b465ee728b)
Start importing Assets/Art/Fonts/Taviraj-Regular.ttf using Guid(de39284fb3556e84eb48b20aa0596652) Importer(815301076,1909f56bfc062723c751e8b465ee728b)  -> (artifact id: 'eb1587408f3dde57acc9687bb22d5190') in 0.010987 seconds 
  Import took 0.013667 seconds .

========================================================================
Received Import Request.
  Time since last request: 0.000241 seconds.
  path: Assets/Art/Items/forests item.png
  artifactKey: Guid(be86d715002679c4fa214ce260764050) Importer(815301076,1909f56bfc062723c751e8b465ee728b)
Start importing Assets/Art/Items/forests item.png using Guid(be86d715002679c4fa214ce260764050) Importer(815301076,1909f56bfc062723c751e8b465ee728b)  -> (artifact id: 'a8ad7f07a6e2f4992a397b66e47b3ad7') in 0.013610 seconds 
  Import took 0.016559 seconds .

========================================================================
Received Import Request.
  Time since last request: 18.028640 seconds.
  path: Assets/Art/Backgrounds/1.png
  artifactKey: Guid(a6d489b7aa985cf4888e42dbc80ada18) Importer(815301076,1909f56bfc062723c751e8b465ee728b)
Start importing Assets/Art/Backgrounds/1.png using Guid(a6d489b7aa985cf4888e42dbc80ada18) Importer(815301076,1909f56bfc062723c751e8b465ee728b)  -> (artifact id: '3f67f0d3bf04fa4c561408952e5a3aee') in 0.013544 seconds 
  Import took 0.016429 seconds .

========================================================================
Received Import Request.
  Time since last request: 0.000163 seconds.
  path: Assets/Art/Backgrounds/7.png
  artifactKey: Guid(2d7656e182e5e87408ba2d95cd0faff8) Importer(815301076,1909f56bfc062723c751e8b465ee728b)
Start importing Assets/Art/Backgrounds/7.png using Guid(2d7656e182e5e87408ba2d95cd0faff8) Importer(815301076,1909f56bfc062723c751e8b465ee728b)  -> (artifact id: '8b6258d88a8e77017f1296311de62016') in 0.011784 seconds 
  Import took 0.014747 seconds .

========================================================================
Received Import Request.
  Time since last request: 0.000209 seconds.
  path: Assets/Art/Backgrounds/8.png
  artifactKey: Guid(2af38ce091f88a349a0909573c845327) Importer(815301076,1909f56bfc062723c751e8b465ee728b)
Start importing Assets/Art/Backgrounds/8.png using Guid(2af38ce091f88a349a0909573c845327) Importer(815301076,1909f56bfc062723c751e8b465ee728b)  -> (artifact id: 'a240f303e0442eac39acc94bc3781fd1') in 0.012589 seconds 
  Import took 0.015932 seconds .

========================================================================
Received Import Request.
  Time since last request: 0.000171 seconds.
  path: Assets/Art/Backgrounds/9.png
  artifactKey: Guid(ba1d446fe54480d4c99743af30a9c2ca) Importer(815301076,1909f56bfc062723c751e8b465ee728b)
Start importing Assets/Art/Backgrounds/9.png using Guid(ba1d446fe54480d4c99743af30a9c2ca) Importer(815301076,1909f56bfc062723c751e8b465ee728b)  -> (artifact id: '04c0191155d352fefe93a06c4b6fcfb2') in 0.013071 seconds 
  Import took 0.016094 seconds .

========================================================================
Received Import Request.
  Time since last request: 0.000179 seconds.
  path: Assets/Art/Backgrounds/5.png
  artifactKey: Guid(be2f33928a0887642b969246743f9647) Importer(815301076,1909f56bfc062723c751e8b465ee728b)
Start importing Assets/Art/Backgrounds/5.png using Guid(be2f33928a0887642b969246743f9647) Importer(815301076,1909f56bfc062723c751e8b465ee728b)  -> (artifact id: 'a9bb0dc1b33588611e5b8867a4408f75') in 0.013706 seconds 
  Import took 0.016542 seconds .

========================================================================
Received Import Request.
  Time since last request: 0.000209 seconds.
  path: Assets/Art/Backgrounds/3.png
  artifactKey: Guid(c6ecf51237c4cd643aec698f5fbf6990) Importer(815301076,1909f56bfc062723c751e8b465ee728b)
Start importing Assets/Art/Backgrounds/3.png using Guid(c6ecf51237c4cd643aec698f5fbf6990) Importer(815301076,1909f56bfc062723c751e8b465ee728b)  -> (artifact id: '53443eb21b72456bbfd98f34b1162b47') in 0.011987 seconds 
  Import took 0.015525 seconds .

========================================================================
Received Import Request.
  Time since last request: 0.000240 seconds.
  path: Assets/Art/Backgrounds/1.png
  artifactKey: Guid(a6d489b7aa985cf4888e42dbc80ada18) Importer(815301076,1909f56bfc062723c751e8b465ee728b)
Start importing Assets/Art/Backgrounds/1.png using Guid(a6d489b7aa985cf4888e42dbc80ada18) Importer(815301076,1909f56bfc062723c751e8b465ee728b)  -> (artifact id: '3f67f0d3bf04fa4c561408952e5a3aee') in 0.010472 seconds 
  Import took 0.013674 seconds .

========================================================================
Received Import Request.
  Time since last request: 0.000298 seconds.
  path: Assets/Art/Backgrounds/4.png
  artifactKey: Guid(9275691acec338540ae4800bb9affb31) Importer(815301076,1909f56bfc062723c751e8b465ee728b)
Start importing Assets/Art/Backgrounds/4.png using Guid(9275691acec338540ae4800bb9affb31) Importer(815301076,1909f56bfc062723c751e8b465ee728b)  -> (artifact id: '85a3585e2fde1925953cb93bb4ca1751') in 0.013885 seconds 
  Import took 0.016472 seconds .

========================================================================
Received Import Request.
  Time since last request: 0.000154 seconds.
  path: Assets/Art/Backgrounds/2.png
  artifactKey: Guid(acce1e9413ef0e1438ab7f1bbc2ee8e3) Importer(815301076,1909f56bfc062723c751e8b465ee728b)
Start importing Assets/Art/Backgrounds/2.png using Guid(acce1e9413ef0e1438ab7f1bbc2ee8e3) Importer(815301076,1909f56bfc062723c751e8b465ee728b)  -> (artifact id: 'a3c1e21a58946bce45d7d7deac57905d') in 0.012141 seconds 
  Import took 0.014694 seconds .

========================================================================
Received Import Request.
  Time since last request: 0.000207 seconds.
  path: Assets/Art/Backgrounds/11.png
  artifactKey: Guid(1bf3f0fe759631641b95ece155e8206e) Importer(815301076,1909f56bfc062723c751e8b465ee728b)
Start importing Assets/Art/Backgrounds/11.png using Guid(1bf3f0fe759631641b95ece155e8206e) Importer(815301076,1909f56bfc062723c751e8b465ee728b)  -> (artifact id: '97bc521cae60787d0cf7507ecb8bd5ff') in 0.012958 seconds 
  Import took 0.016447 seconds .

========================================================================
Received Import Request.
  Time since last request: 0.000172 seconds.
  path: Assets/Art/Backgrounds/6.png
  artifactKey: Guid(9cc13d0e5d22ce84b900fa8591f31413) Importer(815301076,1909f56bfc062723c751e8b465ee728b)
Start importing Assets/Art/Backgrounds/6.png using Guid(9cc13d0e5d22ce84b900fa8591f31413) Importer(815301076,1909f56bfc062723c751e8b465ee728b)  -> (artifact id: '811aa162d875456008d505f8d8d40a34') in 0.012212 seconds 
  Import took 0.014981 seconds .

========================================================================
Received Import Request.
  Time since last request: 0.000145 seconds.
  path: Assets/Art/Backgrounds/10.png
  artifactKey: Guid(da80d8a1f79cce9429bb66aeca083cea) Importer(815301076,1909f56bfc062723c751e8b465ee728b)
Start importing Assets/Art/Backgrounds/10.png using Guid(da80d8a1f79cce9429bb66aeca083cea) Importer(815301076,1909f56bfc062723c751e8b465ee728b)  -> (artifact id: '699599f5178579dedde5e4200b790347') in 0.012774 seconds 
  Import took 0.015483 seconds .

